starting job 0
starting job 1
starting job 2
starting job 3
starting job 4
starting job 5
starting job 6
starting job 7
PBS_NODENUM#19:45:32 - 0: Saving ip to database.
job_name: 0
PBS_NODENUM#19:45:32 - 0: Saving ip to database.
job_name: 0
PBS_NODENUM#19:45:32 - 0: Saving ip to database.
job_name: 0
PBS_NODENUM#19:45:32 - 0: Saving ip to database.
job_name: 0
PBS_NODENUM#19:45:32 - 0: Saving ip to database.
job_name: 0
PBS_NODENUM#19:45:32 - 0: Saving ip to database.
job_name: 0
PBS_NODENUM#19:45:32 - 0: Saving ip to database.
job_name: 0
PBS_NODENUM#19:45:32 - 0: Saving ip to database.
job_name: 0
PBS_NODENUM#19:45:32 - 0: Done.
PBS_NODENUM#19:45:32 - 0: Done.
PBS_NODENUM#19:45:32 - 0: Done.
PBS_NODENUM#19:45:32 - 0: Done.
PBS_NODENUM#19:45:32 - 0: Done.
PBS_NODENUM#19:45:32 - 0: Done.
PBS_NODENUM#19:45:32 - 0: Done.
PBS_NODENUM#19:45:32 - 0: Done.
Set compute mode to DEFAULT for GPU 0000:88:00.0.
All done.
Set compute mode to DEFAULT for GPU 0000:87:00.0.
All done.
Set compute mode to DEFAULT for GPU 0000:05:00.0.
All done.
Set compute mode to DEFAULT for GPU 0000:04:00.0.
All done.
Compute mode is already set to DEFAULT for GPU 0000:09:00.0.
All done.
Compute mode is already set to DEFAULT for GPU 0000:08:00.0.
All done.
Compute mode is already set to DEFAULT for GPU 0000:05:00.0.
All done.
Compute mode is already set to DEFAULT for GPU 0000:04:00.0.
All done.
starting job 0
starting job 1
starting job 2
starting job 3
starting job 4
starting job 5
starting job 6
starting job 7
PBS_NODENUM#19:59:58 - 0: Saving ip to database.
job_name: 0
PBS_NODENUM#19:59:58 - 0: Saving ip to database.
job_name: 0
PBS_NODENUM#19:59:58 - 0: Saving ip to database.
job_name: 0
PBS_NODENUM#19:59:58 - 0: Done.
PBS_NODENUM#19:59:58 - 0: Saving ip to database.
job_name: 0
PBS_NODENUM#19:59:58 - 0: Done.
PBS_NODENUM#19:59:58 - 0: Saving ip to database.
job_name: 0
PBS_NODENUM#19:59:58 - 0: Done.
PBS_NODENUM#19:59:58 - 0: Saving ip to database.
job_name: 0
PBS_NODENUM#19:59:58 - 0: Saving ip to database.
job_name: 0
PBS_NODENUM#19:59:58 - 0: Saving ip to database.
job_name: 0
PBS_NODENUM#19:59:58 - 0: Done.
PBS_NODENUM#19:59:58 - 0: Done.
PBS_NODENUM#19:59:58 - 0: Done.
PBS_NODENUM#19:59:58 - 0: Done.
PBS_NODENUM#19:59:58 - 0: Done.
Set compute mode to DEFAULT for GPU 0000:88:00.0.
All done.
Set compute mode to DEFAULT for GPU 0000:87:00.0.
All done.
Set compute mode to DEFAULT for GPU 0000:05:00.0.
All done.
Set compute mode to DEFAULT for GPU 0000:04:00.0.
All done.
Compute mode is already set to DEFAULT for GPU 0000:09:00.0.
All done.
Compute mode is already set to DEFAULT for GPU 0000:08:00.0.
All done.
Compute mode is already set to DEFAULT for GPU 0000:05:00.0.
All done.
Compute mode is already set to DEFAULT for GPU 0000:04:00.0.
All done.
